<?xml version="1.0" encoding="UTF-8"?>
<!-- Generated by org.testng.reporters.JUnitXMLReporter -->
<testsuite ignored="1" hostname="LAPTOP-TBFR03AS" failures="0" tests="1" name="Default test" time="46.157" errors="0" timestamp="08 Nov 2024 03:53:27 GMT">
  <testcase classname="Tests.CheckoutTests" name="checkOutVerificationTest" time="22.869"/>
  <testcase classname="Tests.CheckoutTests" name="selectInsurancePlanTest" time="0.0">
    <ignored/>
  </testcase> <!-- selectInsurancePlanTest -->
</testsuite> <!-- Default test -->
