<?xml version="1.0" encoding="UTF-8"?>
<testng-results ignored="1" total="2" passed="1" failed="0" skipped="0">
  <reporter-output>
  </reporter-output>
  <suite started-at="2024-11-08T03:52:41Z" name="Default suite" finished-at="2024-11-08T03:53:27Z" duration-ms="46157">
    <groups>
    </groups>
    <test started-at="2024-11-08T03:52:41Z" name="Default test" finished-at="2024-11-08T03:53:27Z" duration-ms="46157">
      <class name="Tests.CheckoutTests">
        <test-method is-config="true" signature="setup()[pri:0, instance:Tests.CheckoutTests@609e8838]" started-at="2024-11-08T03:52:41Z" name="setup" finished-at="2024-11-08T03:53:04Z" duration-ms="23273" status="PASS">
          <reporter-output>
          </reporter-output>
        </test-method> <!-- setup -->
        <test-method signature="checkOutVerificationTest()[pri:0, instance:Tests.CheckoutTests@609e8838]" started-at="2024-11-08T03:53:04Z" name="checkOutVerificationTest" finished-at="2024-11-08T03:53:27Z" duration-ms="22869" status="PASS">
          <reporter-output>
          </reporter-output>
        </test-method> <!-- checkOutVerificationTest -->
      </class> <!-- Tests.CheckoutTests -->
    </test> <!-- Default test -->
  </suite> <!-- Default suite -->
</testng-results>
